AI_OS boot
HEAP: start=0x00200000 size=0x02000000 end=0x02200000
MEM ok
IDT ok
TMR ok
KBD/EVT/MOUSE ok
ATA: drive ok
ATA ok
ALLOC big: 0x00010040 used=0x00010040
ALLOC big: 0x00010040 used=0x00020080
ALLOC big: 0x00010040 used=0x000300C0
ALLOC big: 0x00010040 used=0x00040100
DISK: loaded ok
DISK: loaded
FS/PROC ok
STI ok
ALLOC big: 0x0012C040 used=0x0016C140
FB: YES
GUI: clear
GUI: splash
GUI: flip done
GUI: desktop
GUI: wm
GUI: settings loaded
GUI: terminal
ALLOC big: 0x000EA040 used=0x00256180
GUI: modes
GUI: spawn shell
GUI: entering loop
